[0.966s] Invoking command in '/home/shareef/CARLA_PROJECT/Detection_system_carla_ros2/build/cylinder3d': PYTHONPATH=/home/shareef/CARLA_PROJECT/Detection_system_carla_ros2/build/cylinder3d/prefix_override:/usr/lib/python3/dist-packages/colcon_core/task/python/colcon_distutils_commands:/home/shareef/CARLA_PROJECT/Detection_system_carla_ros2/install/cylinder3d/lib/python3.10/site-packages:${PYTHONPATH} /usr/bin/python3 -W ignore:setup.py install is deprecated -W ignore:easy_install command is deprecated setup.py develop --editable --build-directory /home/shareef/CARLA_PROJECT/Detection_system_carla_ros2/build/cylinder3d/build --no-deps symlink_data
[1.243s] running develop
[1.438s] running egg_info
[1.439s] creating cylinder3d.egg-info
[1.439s] writing cylinder3d.egg-info/PKG-INFO
[1.439s] writing dependency_links to cylinder3d.egg-info/dependency_links.txt
[1.439s] writing entry points to cylinder3d.egg-info/entry_points.txt
[1.439s] writing requirements to cylinder3d.egg-info/requires.txt
[1.439s] writing top-level names to cylinder3d.egg-info/top_level.txt
[1.440s] writing manifest file 'cylinder3d.egg-info/SOURCES.txt'
[1.440s] reading manifest file 'cylinder3d.egg-info/SOURCES.txt'
[1.441s] writing manifest file 'cylinder3d.egg-info/SOURCES.txt'
[1.470s] running build_ext
[1.471s] Creating /home/shareef/CARLA_PROJECT/Detection_system_carla_ros2/install/cylinder3d/lib/python3.10/site-packages/cylinder3d.egg-link (link to .)
[1.471s] Installing cylinder3d_node script to /home/shareef/CARLA_PROJECT/Detection_system_carla_ros2/install/cylinder3d/lib/cylinder3d
[1.471s] 
[1.471s] Installed /home/shareef/CARLA_PROJECT/Detection_system_carla_ros2/build/cylinder3d
[1.472s] running symlink_data
[1.472s] creating /home/shareef/CARLA_PROJECT/Detection_system_carla_ros2/install/cylinder3d/share/ament_index
[1.472s] creating /home/shareef/CARLA_PROJECT/Detection_system_carla_ros2/install/cylinder3d/share/ament_index/resource_index
[1.472s] creating /home/shareef/CARLA_PROJECT/Detection_system_carla_ros2/install/cylinder3d/share/ament_index/resource_index/packages
[1.472s] symbolically linking /home/shareef/CARLA_PROJECT/Detection_system_carla_ros2/build/cylinder3d/resource/cylinder3d -> /home/shareef/CARLA_PROJECT/Detection_system_carla_ros2/install/cylinder3d/share/ament_index/resource_index/packages
[1.472s] symbolically linking /home/shareef/CARLA_PROJECT/Detection_system_carla_ros2/build/cylinder3d/package.xml -> /home/shareef/CARLA_PROJECT/Detection_system_carla_ros2/install/cylinder3d/share/cylinder3d
[1.472s] creating /home/shareef/CARLA_PROJECT/Detection_system_carla_ros2/install/cylinder3d/share/cylinder3d/launch
[1.472s] symbolically linking /home/shareef/CARLA_PROJECT/Detection_system_carla_ros2/build/cylinder3d/launch/cyl3d_only.launch.py -> /home/shareef/CARLA_PROJECT/Detection_system_carla_ros2/install/cylinder3d/share/cylinder3d/launch
[1.473s] creating /home/shareef/CARLA_PROJECT/Detection_system_carla_ros2/install/cylinder3d/share/cylinder3d/config
[1.473s] symbolically linking /home/shareef/CARLA_PROJECT/Detection_system_carla_ros2/build/cylinder3d/config/cyl3d_params.yaml -> /home/shareef/CARLA_PROJECT/Detection_system_carla_ros2/install/cylinder3d/share/cylinder3d/config
[1.473s] creating /home/shareef/CARLA_PROJECT/Detection_system_carla_ros2/install/cylinder3d/share/cylinder3d/rviz
[1.473s] symbolically linking /home/shareef/CARLA_PROJECT/Detection_system_carla_ros2/build/cylinder3d/rviz/cyl3d_view.rviz -> /home/shareef/CARLA_PROJECT/Detection_system_carla_ros2/install/cylinder3d/share/cylinder3d/rviz
[1.497s] Invoked command in '/home/shareef/CARLA_PROJECT/Detection_system_carla_ros2/build/cylinder3d' returned '0': PYTHONPATH=/home/shareef/CARLA_PROJECT/Detection_system_carla_ros2/build/cylinder3d/prefix_override:/usr/lib/python3/dist-packages/colcon_core/task/python/colcon_distutils_commands:/home/shareef/CARLA_PROJECT/Detection_system_carla_ros2/install/cylinder3d/lib/python3.10/site-packages:${PYTHONPATH} /usr/bin/python3 -W ignore:setup.py install is deprecated -W ignore:easy_install command is deprecated setup.py develop --editable --build-directory /home/shareef/CARLA_PROJECT/Detection_system_carla_ros2/build/cylinder3d/build --no-deps symlink_data
