running develop
running egg_info
creating detection_system.egg-info
writing detection_system.egg-info/PKG-INFO
writing dependency_links to detection_system.egg-info/dependency_links.txt
writing entry points to detection_system.egg-info/entry_points.txt
writing requirements to detection_system.egg-info/requires.txt
writing top-level names to detection_system.egg-info/top_level.txt
writing manifest file 'detection_system.egg-info/SOURCES.txt'
reading manifest file 'detection_system.egg-info/SOURCES.txt'
writing manifest file 'detection_system.egg-info/SOURCES.txt'
running build_ext
Creating /home/shareef/CARLA_PROJECT/Detection_system_carla_ros2/install/detection_system/lib/python3.10/site-packages/detection-system.egg-link (link to .)
Installing fusion_node script to /home/shareef/CARLA_PROJECT/Detection_system_carla_ros2/install/detection_system/lib/detection_system

Installed /home/shareef/CARLA_PROJECT/Detection_system_carla_ros2/build/detection_system
running symlink_data
creating /home/shareef/CARLA_PROJECT/Detection_system_carla_ros2/install/detection_system/share/ament_index
creating /home/shareef/CARLA_PROJECT/Detection_system_carla_ros2/install/detection_system/share/ament_index/resource_index
creating /home/shareef/CARLA_PROJECT/Detection_system_carla_ros2/install/detection_system/share/ament_index/resource_index/packages
symbolically linking /home/shareef/CARLA_PROJECT/Detection_system_carla_ros2/build/detection_system/resource/detection_system -> /home/shareef/CARLA_PROJECT/Detection_system_carla_ros2/install/detection_system/share/ament_index/resource_index/packages
symbolically linking /home/shareef/CARLA_PROJECT/Detection_system_carla_ros2/build/detection_system/package.xml -> /home/shareef/CARLA_PROJECT/Detection_system_carla_ros2/install/detection_system/share/detection_system
creating /home/shareef/CARLA_PROJECT/Detection_system_carla_ros2/install/detection_system/share/detection_system/launch
symbolically linking /home/shareef/CARLA_PROJECT/Detection_system_carla_ros2/build/detection_system/launch/fusion.launch.py -> /home/shareef/CARLA_PROJECT/Detection_system_carla_ros2/install/detection_system/share/detection_system/launch
creating /home/shareef/CARLA_PROJECT/Detection_system_carla_ros2/install/detection_system/share/detection_system/config
symbolically linking /home/shareef/CARLA_PROJECT/Detection_system_carla_ros2/build/detection_system/config/fusion_params.yaml -> /home/shareef/CARLA_PROJECT/Detection_system_carla_ros2/install/detection_system/share/detection_system/config
creating /home/shareef/CARLA_PROJECT/Detection_system_carla_ros2/install/detection_system/share/detection_system/rviz
symbolically linking /home/shareef/CARLA_PROJECT/Detection_system_carla_ros2/build/detection_system/rviz/fusion_view.rviz -> /home/shareef/CARLA_PROJECT/Detection_system_carla_ros2/install/detection_system/share/detection_system/rviz
