[0.970s] Invoking command in '/home/shareef/CARLA_PROJECT/Detection_system_carla_ros2/build/detection_system': PYTHONPATH=/home/shareef/CARLA_PROJECT/Detection_system_carla_ros2/build/detection_system/prefix_override:/usr/lib/python3/dist-packages/colcon_core/task/python/colcon_distutils_commands:/home/shareef/CARLA_PROJECT/Detection_system_carla_ros2/install/detection_system/lib/python3.10/site-packages:${PYTHONPATH} /usr/bin/python3 -W ignore:setup.py install is deprecated -W ignore:easy_install command is deprecated setup.py develop --editable --build-directory /home/shareef/CARLA_PROJECT/Detection_system_carla_ros2/build/detection_system/build --no-deps symlink_data
[1.246s] running develop
[1.451s] running egg_info
[1.451s] creating detection_system.egg-info
[1.451s] writing detection_system.egg-info/PKG-INFO
[1.452s] writing dependency_links to detection_system.egg-info/dependency_links.txt
[1.452s] writing entry points to detection_system.egg-info/entry_points.txt
[1.452s] writing requirements to detection_system.egg-info/requires.txt
[1.452s] writing top-level names to detection_system.egg-info/top_level.txt
[1.452s] writing manifest file 'detection_system.egg-info/SOURCES.txt'
[1.453s] reading manifest file 'detection_system.egg-info/SOURCES.txt'
[1.454s] writing manifest file 'detection_system.egg-info/SOURCES.txt'
[1.484s] running build_ext
[1.484s] Creating /home/shareef/CARLA_PROJECT/Detection_system_carla_ros2/install/detection_system/lib/python3.10/site-packages/detection-system.egg-link (link to .)
[1.484s] Installing fusion_node script to /home/shareef/CARLA_PROJECT/Detection_system_carla_ros2/install/detection_system/lib/detection_system
[1.484s] 
[1.485s] Installed /home/shareef/CARLA_PROJECT/Detection_system_carla_ros2/build/detection_system
[1.485s] running symlink_data
[1.485s] creating /home/shareef/CARLA_PROJECT/Detection_system_carla_ros2/install/detection_system/share/ament_index
[1.485s] creating /home/shareef/CARLA_PROJECT/Detection_system_carla_ros2/install/detection_system/share/ament_index/resource_index
[1.485s] creating /home/shareef/CARLA_PROJECT/Detection_system_carla_ros2/install/detection_system/share/ament_index/resource_index/packages
[1.485s] symbolically linking /home/shareef/CARLA_PROJECT/Detection_system_carla_ros2/build/detection_system/resource/detection_system -> /home/shareef/CARLA_PROJECT/Detection_system_carla_ros2/install/detection_system/share/ament_index/resource_index/packages
[1.485s] symbolically linking /home/shareef/CARLA_PROJECT/Detection_system_carla_ros2/build/detection_system/package.xml -> /home/shareef/CARLA_PROJECT/Detection_system_carla_ros2/install/detection_system/share/detection_system
[1.485s] creating /home/shareef/CARLA_PROJECT/Detection_system_carla_ros2/install/detection_system/share/detection_system/launch
[1.485s] symbolically linking /home/shareef/CARLA_PROJECT/Detection_system_carla_ros2/build/detection_system/launch/fusion.launch.py -> /home/shareef/CARLA_PROJECT/Detection_system_carla_ros2/install/detection_system/share/detection_system/launch
[1.486s] creating /home/shareef/CARLA_PROJECT/Detection_system_carla_ros2/install/detection_system/share/detection_system/config
[1.486s] symbolically linking /home/shareef/CARLA_PROJECT/Detection_system_carla_ros2/build/detection_system/config/fusion_params.yaml -> /home/shareef/CARLA_PROJECT/Detection_system_carla_ros2/install/detection_system/share/detection_system/config
[1.486s] creating /home/shareef/CARLA_PROJECT/Detection_system_carla_ros2/install/detection_system/share/detection_system/rviz
[1.486s] symbolically linking /home/shareef/CARLA_PROJECT/Detection_system_carla_ros2/build/detection_system/rviz/fusion_view.rviz -> /home/shareef/CARLA_PROJECT/Detection_system_carla_ros2/install/detection_system/share/detection_system/rviz
[1.514s] Invoked command in '/home/shareef/CARLA_PROJECT/Detection_system_carla_ros2/build/detection_system' returned '0': PYTHONPATH=/home/shareef/CARLA_PROJECT/Detection_system_carla_ros2/build/detection_system/prefix_override:/usr/lib/python3/dist-packages/colcon_core/task/python/colcon_distutils_commands:/home/shareef/CARLA_PROJECT/Detection_system_carla_ros2/install/detection_system/lib/python3.10/site-packages:${PYTHONPATH} /usr/bin/python3 -W ignore:setup.py install is deprecated -W ignore:easy_install command is deprecated setup.py develop --editable --build-directory /home/shareef/CARLA_PROJECT/Detection_system_carla_ros2/build/detection_system/build --no-deps symlink_data
