[1.001s] Invoking command in '/home/shareef/CARLA_PROJECT/Detection_system_carla_ros2/build/cylinder3d': PYTHONPATH=/home/shareef/CARLA_PROJECT/Detection_system_carla_ros2/build/cylinder3d/prefix_override:/usr/lib/python3/dist-packages/colcon_core/task/python/colcon_distutils_commands:/home/shareef/CARLA_PROJECT/Detection_system_carla_ros2/install/cylinder3d/lib/python3.10/site-packages:${PYTHONPATH} /usr/bin/python3 -W ignore:setup.py install is deprecated -W ignore:easy_install command is deprecated setup.py develop --editable --build-directory /home/shareef/CARLA_PROJECT/Detection_system_carla_ros2/build/cylinder3d/build --no-deps symlink_data
[1.284s] running develop
[1.492s] running egg_info
[1.492s] creating cylinder3d.egg-info
[1.492s] writing cylinder3d.egg-info/PKG-INFO
[1.493s] writing dependency_links to cylinder3d.egg-info/dependency_links.txt
[1.493s] writing entry points to cylinder3d.egg-info/entry_points.txt
[1.493s] writing requirements to cylinder3d.egg-info/requires.txt
[1.493s] writing top-level names to cylinder3d.egg-info/top_level.txt
[1.493s] writing manifest file 'cylinder3d.egg-info/SOURCES.txt'
[1.494s] reading manifest file 'cylinder3d.egg-info/SOURCES.txt'
[1.495s] writing manifest file 'cylinder3d.egg-info/SOURCES.txt'
[1.527s] running build_ext
[1.527s] Creating /home/shareef/CARLA_PROJECT/Detection_system_carla_ros2/install/cylinder3d/lib/python3.10/site-packages/cylinder3d.egg-link (link to .)
[1.528s] Installing cylinder3d_node script to /home/shareef/CARLA_PROJECT/Detection_system_carla_ros2/install/cylinder3d/lib/cylinder3d
[1.528s] 
[1.528s] Installed /home/shareef/CARLA_PROJECT/Detection_system_carla_ros2/build/cylinder3d
[1.528s] running symlink_data
[1.528s] creating /home/shareef/CARLA_PROJECT/Detection_system_carla_ros2/install/cylinder3d/share/ament_index
[1.528s] creating /home/shareef/CARLA_PROJECT/Detection_system_carla_ros2/install/cylinder3d/share/ament_index/resource_index
[1.528s] creating /home/shareef/CARLA_PROJECT/Detection_system_carla_ros2/install/cylinder3d/share/ament_index/resource_index/packages
[1.528s] symbolically linking /home/shareef/CARLA_PROJECT/Detection_system_carla_ros2/build/cylinder3d/resource/cylinder3d -> /home/shareef/CARLA_PROJECT/Detection_system_carla_ros2/install/cylinder3d/share/ament_index/resource_index/packages
[1.528s] symbolically linking /home/shareef/CARLA_PROJECT/Detection_system_carla_ros2/build/cylinder3d/package.xml -> /home/shareef/CARLA_PROJECT/Detection_system_carla_ros2/install/cylinder3d/share/cylinder3d
[1.529s] creating /home/shareef/CARLA_PROJECT/Detection_system_carla_ros2/install/cylinder3d/share/cylinder3d/launch
[1.529s] creating /home/shareef/CARLA_PROJECT/Detection_system_carla_ros2/install/cylinder3d/share/cylinder3d/config
[1.529s] symbolically linking /home/shareef/CARLA_PROJECT/Detection_system_carla_ros2/build/cylinder3d/config/cyl3d_params.yaml -> /home/shareef/CARLA_PROJECT/Detection_system_carla_ros2/install/cylinder3d/share/cylinder3d/config
[1.529s] creating /home/shareef/CARLA_PROJECT/Detection_system_carla_ros2/install/cylinder3d/share/cylinder3d/rviz
[1.570s] Invoked command in '/home/shareef/CARLA_PROJECT/Detection_system_carla_ros2/build/cylinder3d' returned '0': PYTHONPATH=/home/shareef/CARLA_PROJECT/Detection_system_carla_ros2/build/cylinder3d/prefix_override:/usr/lib/python3/dist-packages/colcon_core/task/python/colcon_distutils_commands:/home/shareef/CARLA_PROJECT/Detection_system_carla_ros2/install/cylinder3d/lib/python3.10/site-packages:${PYTHONPATH} /usr/bin/python3 -W ignore:setup.py install is deprecated -W ignore:easy_install command is deprecated setup.py develop --editable --build-directory /home/shareef/CARLA_PROJECT/Detection_system_carla_ros2/build/cylinder3d/build --no-deps symlink_data
